2025-02-13 22:49:48,806 - INFO - Json file loaded, total companies: 890
2025-02-13 22:49:48,806 - INFO - Initialize browser...
2025-02-13 22:49:48,807 - DEBUG - Selenium Manager binary found at: /opt/anaconda3/lib/python3.12/site-packages/selenium/webdriver/common/macos/selenium-manager
2025-02-13 22:49:48,807 - DEBUG - Executing process: /opt/anaconda3/lib/python3.12/site-packages/selenium/webdriver/common/macos/selenium-manager --browser chrome --debug --language-binding python --output json
2025-02-13 22:49:48,887 - DEBUG - Found chromedriver 132.0.6834.83 in PATH: /opt/homebrew/bin/chromedriver
2025-02-13 22:49:48,887 - DEBUG - chrome detected at /Applications/Google Chrome.app/Contents/MacOS/Google Chrome
2025-02-13 22:49:48,887 - DEBUG - Running command: /Applications/Google\ Chrome.app/Contents/MacOS/Google\ Chrome --version
2025-02-13 22:49:48,887 - DEBUG - Output: "Google Chrome 133.0.6943.55 "
2025-02-13 22:49:48,887 - DEBUG - Detected browser: chrome 133.0.6943.55
2025-02-13 22:49:48,887 - DEBUG - Required driver: chromedriver 133.0.6943.98
2025-02-13 22:49:48,887 - WARNING - The chromedriver version (132.0.6834.83) detected in PATH at /opt/homebrew/bin/chromedriver might not be compatible with the detected chrome version (133.0.6943.55); currently, chromedriver 133.0.6943.98 is recommended for chrome 133.*, so it is advised to delete the driver in PATH and retry
2025-02-13 22:49:48,887 - DEBUG - Driver path: /opt/homebrew/bin/chromedriver
2025-02-13 22:49:48,887 - DEBUG - Browser path: /Applications/Google Chrome.app/Contents/MacOS/Google Chrome
2025-02-13 22:49:48,889 - DEBUG - Started executable: `/opt/homebrew/bin/chromedriver` in a child process with pid: 803 using 0 to output -3
2025-02-13 22:49:48,905 - DEBUG - POST http://localhost:62827/session {'capabilities': {'firstMatch': [{}], 'alwaysMatch': {'browserName': 'chrome', 'pageLoadStrategy': <PageLoadStrategy.normal: 'normal'>, 'browserVersion': None, 'goog:chromeOptions': {'extensions': [], 'binary': '/Applications/Google Chrome.app/Contents/MacOS/Google Chrome', 'args': ['--disable-blink-features=AutomationControlled', '--start-maximized']}}}}
2025-02-13 22:49:48,905 - DEBUG - Starting new HTTP connection (1): localhost:62827
2025-02-13 22:49:49,366 - DEBUG - http://localhost:62827 "POST /session HTTP/11" 200 0
2025-02-13 22:49:49,366 - DEBUG - Remote response: status=200 | data={"value":{"capabilities":{"acceptInsecureCerts":false,"browserName":"chrome","browserVersion":"133.0.6943.55","chrome":{"chromedriverVersion":"132.0.6834.83 (03d59cf5ecf1d8444838ff9a1e96231304d4ff9c-refs/branch-heads/6834@{#3390})","userDataDir":"/var/folders/xh/q3k02qfx1_n8llwstgwvcj900000gn/T/.org.chromium.Chromium.oUvit5"},"fedcm:accounts":true,"goog:chromeOptions":{"debuggerAddress":"localhost:62832"},"networkConnectionEnabled":false,"pageLoadStrategy":"normal","platformName":"mac","proxy":{},"setWindowRect":true,"strictFileInteractability":false,"timeouts":{"implicit":0,"pageLoad":300000,"script":30000},"unhandledPromptBehavior":"dismiss and notify","webauthn:extension:credBlob":true,"webauthn:extension:largeBlob":true,"webauthn:extension:minPinLength":true,"webauthn:extension:prf":true,"webauthn:virtualAuthenticators":true},"sessionId":"ee95c40061ad7b154930c6c3151d25d9"}} | headers=HTTPHeaderDict({'Content-Length': '890', 'Content-Type': 'application/json; charset=utf-8', 'cache-control': 'no-cache'})
2025-02-13 22:49:49,366 - DEBUG - Finished Request
2025-02-13 22:49:49,366 - INFO - Browser initialized successfully!
2025-02-13 22:49:49,366 - DEBUG - POST http://localhost:62827/session/ee95c40061ad7b154930c6c3151d25d9/url {'url': 'http://www.38.co.kr/'}
2025-02-13 22:49:49,986 - DEBUG - http://localhost:62827 "POST /session/ee95c40061ad7b154930c6c3151d25d9/url HTTP/11" 200 0
2025-02-13 22:49:49,986 - DEBUG - Remote response: status=200 | data={"value":null} | headers=HTTPHeaderDict({'Content-Length': '14', 'Content-Type': 'application/json; charset=utf-8', 'cache-control': 'no-cache'})
2025-02-13 22:49:49,986 - DEBUG - Finished Request
2025-02-13 22:49:51,991 - DEBUG - POST http://localhost:62827/session/ee95c40061ad7b154930c6c3151d25d9/element {'using': 'css selector', 'value': '[id="s_code"]'}
2025-02-13 22:49:51,995 - DEBUG - http://localhost:62827 "POST /session/ee95c40061ad7b154930c6c3151d25d9/element HTTP/11" 200 0
2025-02-13 22:49:51,996 - DEBUG - Remote response: status=200 | data={"value":{"element-6066-11e4-a52e-4f735466cecf":"f.DB3D8B3FBDD8B4B0EBE9D02C87A3BA2E.d.D1F80DBDF0D69D58ABF9691FBD3495E8.e.11"}} | headers=HTTPHeaderDict({'Content-Length': '126', 'Content-Type': 'application/json; charset=utf-8', 'cache-control': 'no-cache'})
2025-02-13 22:49:51,996 - DEBUG - Finished Request
2025-02-13 22:49:51,996 - DEBUG - POST http://localhost:62827/session/ee95c40061ad7b154930c6c3151d25d9/element/f.DB3D8B3FBDD8B4B0EBE9D02C87A3BA2E.d.D1F80DBDF0D69D58ABF9691FBD3495E8.e.11/clear {}
2025-02-13 22:49:52,008 - DEBUG - http://localhost:62827 "POST /session/ee95c40061ad7b154930c6c3151d25d9/element/f.DB3D8B3FBDD8B4B0EBE9D02C87A3BA2E.d.D1F80DBDF0D69D58ABF9691FBD3495E8.e.11/clear HTTP/11" 200 0
2025-02-13 22:49:52,008 - DEBUG - Remote response: status=200 | data={"value":null} | headers=HTTPHeaderDict({'Content-Length': '14', 'Content-Type': 'application/json; charset=utf-8', 'cache-control': 'no-cache'})
2025-02-13 22:49:52,008 - DEBUG - Finished Request
2025-02-13 22:49:52,008 - DEBUG - POST http://localhost:62827/session/ee95c40061ad7b154930c6c3151d25d9/element/f.DB3D8B3FBDD8B4B0EBE9D02C87A3BA2E.d.D1F80DBDF0D69D58ABF9691FBD3495E8.e.11/value {'text': '씨티케이코스메틱스', 'value': ['씨', '티', '케', '이', '코', '스', '메', '틱', '스']}
2025-02-13 22:49:52,078 - DEBUG - http://localhost:62827 "POST /session/ee95c40061ad7b154930c6c3151d25d9/element/f.DB3D8B3FBDD8B4B0EBE9D02C87A3BA2E.d.D1F80DBDF0D69D58ABF9691FBD3495E8.e.11/value HTTP/11" 200 0
2025-02-13 22:49:52,078 - DEBUG - Remote response: status=200 | data={"value":null} | headers=HTTPHeaderDict({'Content-Length': '14', 'Content-Type': 'application/json; charset=utf-8', 'cache-control': 'no-cache'})
2025-02-13 22:49:52,078 - DEBUG - Finished Request
2025-02-13 22:49:52,078 - INFO - Keyword '씨티케이코스메틱스'
2025-02-13 22:49:52,078 - DEBUG - POST http://localhost:62827/session/ee95c40061ad7b154930c6c3151d25d9/element {'using': 'xpath', 'value': "//input[@type='image' and @alt='검색']"}
2025-02-13 22:49:52,083 - DEBUG - http://localhost:62827 "POST /session/ee95c40061ad7b154930c6c3151d25d9/element HTTP/11" 200 0
2025-02-13 22:49:52,083 - DEBUG - Remote response: status=200 | data={"value":{"element-6066-11e4-a52e-4f735466cecf":"f.DB3D8B3FBDD8B4B0EBE9D02C87A3BA2E.d.D1F80DBDF0D69D58ABF9691FBD3495E8.e.70"}} | headers=HTTPHeaderDict({'Content-Length': '126', 'Content-Type': 'application/json; charset=utf-8', 'cache-control': 'no-cache'})
2025-02-13 22:49:52,083 - DEBUG - Finished Request
2025-02-13 22:49:52,083 - DEBUG - POST http://localhost:62827/session/ee95c40061ad7b154930c6c3151d25d9/execute/sync {'script': '/* isDisplayed */return (function(){return (function(){var g=this||self;\nfunction aa(a){var b=typeof...', 'args': [{'element-6066-11e4-a52e-4f735466cecf': 'f.DB3D8B3FBDD8B4B0EBE9D02C87A3BA2E.d.D1F80DBDF0D69D58ABF9691FBD3495E8.e.70'}]}
2025-02-13 22:49:52,087 - DEBUG - http://localhost:62827 "POST /session/ee95c40061ad7b154930c6c3151d25d9/execute/sync HTTP/11" 200 0
2025-02-13 22:49:52,087 - DEBUG - Remote response: status=200 | data={"value":true} | headers=HTTPHeaderDict({'Content-Length': '14', 'Content-Type': 'application/json; charset=utf-8', 'cache-control': 'no-cache'})
2025-02-13 22:49:52,087 - DEBUG - Finished Request
2025-02-13 22:49:52,087 - DEBUG - GET http://localhost:62827/session/ee95c40061ad7b154930c6c3151d25d9/element/f.DB3D8B3FBDD8B4B0EBE9D02C87A3BA2E.d.D1F80DBDF0D69D58ABF9691FBD3495E8.e.70/enabled {}
2025-02-13 22:49:52,090 - DEBUG - http://localhost:62827 "GET /session/ee95c40061ad7b154930c6c3151d25d9/element/f.DB3D8B3FBDD8B4B0EBE9D02C87A3BA2E.d.D1F80DBDF0D69D58ABF9691FBD3495E8.e.70/enabled HTTP/11" 200 0
2025-02-13 22:49:52,090 - DEBUG - Remote response: status=200 | data={"value":true} | headers=HTTPHeaderDict({'Content-Length': '14', 'Content-Type': 'application/json; charset=utf-8', 'cache-control': 'no-cache'})
2025-02-13 22:49:52,090 - DEBUG - Finished Request
2025-02-13 22:49:52,090 - DEBUG - POST http://localhost:62827/session/ee95c40061ad7b154930c6c3151d25d9/element/f.DB3D8B3FBDD8B4B0EBE9D02C87A3BA2E.d.D1F80DBDF0D69D58ABF9691FBD3495E8.e.70/click {}
2025-02-13 22:49:53,572 - DEBUG - http://localhost:62827 "POST /session/ee95c40061ad7b154930c6c3151d25d9/element/f.DB3D8B3FBDD8B4B0EBE9D02C87A3BA2E.d.D1F80DBDF0D69D58ABF9691FBD3495E8.e.70/click HTTP/11" 200 0
2025-02-13 22:49:53,572 - DEBUG - Remote response: status=200 | data={"value":null} | headers=HTTPHeaderDict({'Content-Length': '14', 'Content-Type': 'application/json; charset=utf-8', 'cache-control': 'no-cache'})
2025-02-13 22:49:53,572 - DEBUG - Finished Request
2025-02-13 22:49:56,577 - DEBUG - POST http://localhost:62827/session/ee95c40061ad7b154930c6c3151d25d9/element {'using': 'xpath', 'value': '/html/body/table[3]/tbody/tr/td/table[1]/tbody/tr/td[1]/table[1]/tbody/tr[1]/td/table[2]/tbody/tr'}
2025-02-13 22:49:56,582 - DEBUG - http://localhost:62827 "POST /session/ee95c40061ad7b154930c6c3151d25d9/element HTTP/11" 200 0
2025-02-13 22:49:56,582 - DEBUG - Remote response: status=200 | data={"value":{"element-6066-11e4-a52e-4f735466cecf":"f.DB3D8B3FBDD8B4B0EBE9D02C87A3BA2E.d.0669DF1ED8342A631A44D606E75E9595.e.78"}} | headers=HTTPHeaderDict({'Content-Length': '126', 'Content-Type': 'application/json; charset=utf-8', 'cache-control': 'no-cache'})
2025-02-13 22:49:56,582 - DEBUG - Finished Request
2025-02-13 22:49:56,582 - DEBUG - POST http://localhost:62827/session/ee95c40061ad7b154930c6c3151d25d9/element {'using': 'xpath', 'value': '/html/body/table[3]/tbody/tr/td/table[1]/tbody/tr/td[1]/table[4]/tbody/tr[2]/td'}
2025-02-13 22:49:56,586 - DEBUG - http://localhost:62827 "POST /session/ee95c40061ad7b154930c6c3151d25d9/element HTTP/11" 200 0
2025-02-13 22:49:56,586 - DEBUG - Remote response: status=200 | data={"value":{"element-6066-11e4-a52e-4f735466cecf":"f.DB3D8B3FBDD8B4B0EBE9D02C87A3BA2E.d.0669DF1ED8342A631A44D606E75E9595.e.79"}} | headers=HTTPHeaderDict({'Content-Length': '126', 'Content-Type': 'application/json; charset=utf-8', 'cache-control': 'no-cache'})
2025-02-13 22:49:56,586 - DEBUG - Finished Request
2025-02-13 22:49:56,586 - DEBUG - POST http://localhost:62827/session/ee95c40061ad7b154930c6c3151d25d9/element/f.DB3D8B3FBDD8B4B0EBE9D02C87A3BA2E.d.0669DF1ED8342A631A44D606E75E9595.e.79/elements {'using': 'tag name', 'value': 'a'}
2025-02-13 22:49:56,590 - DEBUG - http://localhost:62827 "POST /session/ee95c40061ad7b154930c6c3151d25d9/element/f.DB3D8B3FBDD8B4B0EBE9D02C87A3BA2E.d.0669DF1ED8342A631A44D606E75E9595.e.79/elements HTTP/11" 200 0
2025-02-13 22:49:56,590 - DEBUG - Remote response: status=200 | data={"value":[{"element-6066-11e4-a52e-4f735466cecf":"f.DB3D8B3FBDD8B4B0EBE9D02C87A3BA2E.d.0669DF1ED8342A631A44D606E75E9595.e.80"},{"element-6066-11e4-a52e-4f735466cecf":"f.DB3D8B3FBDD8B4B0EBE9D02C87A3BA2E.d.0669DF1ED8342A631A44D606E75E9595.e.81"},{"element-6066-11e4-a52e-4f735466cecf":"f.DB3D8B3FBDD8B4B0EBE9D02C87A3BA2E.d.0669DF1ED8342A631A44D606E75E9595.e.82"},{"element-6066-11e4-a52e-4f735466cecf":"f.DB3D8B3FBDD8B4B0EBE9D02C87A3BA2E.d.0669DF1ED8342A631A44D606E75E9595.e.83"},{"element-6066-11e4-a52e-4f735466cecf":"f.DB3D8B3FBDD8B4B0EBE9D02C87A3BA2E.d.0669DF1ED8342A631A44D606E75E9595.e.84"},{"element-6066-11e4-a52e-4f735466cecf":"f.DB3D8B3FBDD8B4B0EBE9D02C87A3BA2E.d.0669DF1ED8342A631A44D606E75E9595.e.85"},{"element-6066-11e4-a52e-4f735466cecf":"f.DB3D8B3FBDD8B4B0EBE9D02C87A3BA2E.d.0669DF1ED8342A631A44D606E75E9595.e.86"},{"element-6066-11e4-a52e-4f735466cecf":"f.DB3D8B3FBDD8B4B0EBE9D02C87A3BA2E.d.0669DF1ED8342A631A44D606E75E9595.e.87"},{"element-6066-11e4-a52e-4f735466cecf":"f.DB3D8B3FBDD8B4B0EBE9D02C87A3BA2E.d.0669DF1ED8342A631A44D606E75E9595.e.88"}]} | headers=HTTPHeaderDict({'Content-Length': '1064', 'Content-Type': 'application/json; charset=utf-8', 'cache-control': 'no-cache'})
2025-02-13 22:49:56,590 - DEBUG - Finished Request
2025-02-13 22:49:56,590 - DEBUG - POST http://localhost:62827/session/ee95c40061ad7b154930c6c3151d25d9/execute/sync {'script': '/* getAttribute */return (function(){return (function(){var d=this||self;function f(a,b){function c(...', 'args': [{'element-6066-11e4-a52e-4f735466cecf': 'f.DB3D8B3FBDD8B4B0EBE9D02C87A3BA2E.d.0669DF1ED8342A631A44D606E75E9595.e.88'}, 'href']}
2025-02-13 22:49:56,592 - DEBUG - http://localhost:62827 "POST /session/ee95c40061ad7b154930c6c3151d25d9/execute/sync HTTP/11" 200 0
2025-02-13 22:49:56,592 - DEBUG - Remote response: status=200 | data={"value":"http://forum.38.co.kr/html/forum/board/?code=260930&page=9"} | headers=HTTPHeaderDict({'Content-Length': '70', 'Content-Type': 'application/json; charset=utf-8', 'cache-control': 'no-cache'})
2025-02-13 22:49:56,592 - DEBUG - Finished Request
2025-02-13 22:49:56,592 - DEBUG - GET http://localhost:62827/session/ee95c40061ad7b154930c6c3151d25d9/url {}
2025-02-13 22:49:56,593 - DEBUG - http://localhost:62827 "GET /session/ee95c40061ad7b154930c6c3151d25d9/url HTTP/11" 200 0
2025-02-13 22:49:56,593 - DEBUG - Remote response: status=200 | data={"value":"http://forum.38.co.kr/html/forum/board/?code=260930"} | headers=HTTPHeaderDict({'Content-Length': '63', 'Content-Type': 'application/json; charset=utf-8', 'cache-control': 'no-cache'})
2025-02-13 22:49:56,594 - DEBUG - Finished Request
2025-02-13 22:49:56,594 - DEBUG - POST http://localhost:62827/session/ee95c40061ad7b154930c6c3151d25d9/url {'url': 'http://forum.38.co.kr/html/forum/board/?code=260930&page=1'}
2025-02-13 22:49:56,724 - DEBUG - http://localhost:62827 "POST /session/ee95c40061ad7b154930c6c3151d25d9/url HTTP/11" 200 0
2025-02-13 22:49:56,724 - DEBUG - Remote response: status=200 | data={"value":null} | headers=HTTPHeaderDict({'Content-Length': '14', 'Content-Type': 'application/json; charset=utf-8', 'cache-control': 'no-cache'})
2025-02-13 22:49:56,724 - DEBUG - Finished Request
2025-02-13 22:49:56,724 - INFO - [씨티케이코스메틱스] page 1 loaded: http://forum.38.co.kr/html/forum/board/?code=260930&page=1
2025-02-13 22:49:58,727 - DEBUG - POST http://localhost:62827/session/ee95c40061ad7b154930c6c3151d25d9/element {'using': 'xpath', 'value': '/html/body/table[3]/tbody/tr/td/table[1]/tbody/tr/td[1]/table[3]'}
2025-02-13 22:49:58,731 - DEBUG - http://localhost:62827 "POST /session/ee95c40061ad7b154930c6c3151d25d9/element HTTP/11" 200 0
2025-02-13 22:49:58,731 - DEBUG - Remote response: status=200 | data={"value":{"element-6066-11e4-a52e-4f735466cecf":"f.DB3D8B3FBDD8B4B0EBE9D02C87A3BA2E.d.926E2EBA4243E743D60923A7B558DD79.e.148"}} | headers=HTTPHeaderDict({'Content-Length': '127', 'Content-Type': 'application/json; charset=utf-8', 'cache-control': 'no-cache'})
2025-02-13 22:49:58,731 - DEBUG - Finished Request
2025-02-13 22:49:58,731 - DEBUG - POST http://localhost:62827/session/ee95c40061ad7b154930c6c3151d25d9/element/f.DB3D8B3FBDD8B4B0EBE9D02C87A3BA2E.d.926E2EBA4243E743D60923A7B558DD79.e.148/elements {'using': 'tag name', 'value': 'tr'}
2025-02-13 22:49:58,736 - DEBUG - http://localhost:62827 "POST /session/ee95c40061ad7b154930c6c3151d25d9/element/f.DB3D8B3FBDD8B4B0EBE9D02C87A3BA2E.d.926E2EBA4243E743D60923A7B558DD79.e.148/elements HTTP/11" 200 0
2025-02-13 22:49:58,736 - DEBUG - Remote response: status=200 | data={"value":[{"element-6066-11e4-a52e-4f735466cecf":"f.DB3D8B3FBDD8B4B0EBE9D02C87A3BA2E.d.926E2EBA4243E743D60923A7B558DD79.e.184"},{"element-6066-11e4-a52e-4f735466cecf":"f.DB3D8B3FBDD8B4B0EBE9D02C87A3BA2E.d.926E2EBA4243E743D60923A7B558DD79.e.185"},{"element-6066-11e4-a52e-4f735466cecf":"f.DB3D8B3FBDD8B4B0EBE9D02C87A3BA2E.d.926E2EBA4243E743D60923A7B558DD79.e.186"},{"element-6066-11e4-a52e-4f735466cecf":"f.DB3D8B3FBDD8B4B0EBE9D02C87A3BA2E.d.926E2EBA4243E743D60923A7B558DD79.e.187"},{"element-6066-11e4-a52e-4f735466cecf":"f.DB3D8B3FBDD8B4B0EBE9D02C87A3BA2E.d.926E2EBA4243E743D60923A7B558DD79.e.188"},{"element-6066-11e4-a52e-4f735466cecf":"f.DB3D8B3FBDD8B4B0EBE9D02C87A3BA2E.d.926E2EBA4243E743D60923A7B558DD79.e.189"},{"element-6066-11e4-a52e-4f735466cecf":"f.DB3D8B3FBDD8B4B0EBE9D02C87A3BA2E.d.926E2EBA4243E743D60923A7B558DD79.e.190"},{"element-6066-11e4-a52e-4f735466cecf":"f.DB3D8B3FBDD8B4B0EBE9D02C87A3BA2E.d.926E2EBA4243E743D60923A7B558DD79.e.191"},{"element-6066-11e4-a52e-4f735466cecf":"f.DB3D8B3FBDD8B4B0EBE9D02C87A3BA2E.d.926E2EBA4243E743D60923A7B558DD79.e.192"},{"element-6066-11e4-a52e-4f735466cecf":"f.DB3D8B3FBDD8B4B0EBE9D02C87A3BA2E.d.926E2EBA4243E743D60923A7B558DD79.e.193"},{"element-6066-11e4-a52e-4f735466cecf":"f.DB3D8B3FBDD8B4B0EBE9D02C87A3BA2E.d.926E2EBA4243E743D60923A7B558DD79.e.194"},{"element-6066-11e4-a52e-4f735466cecf":"f.DB3D8B3FBDD8B4B0EBE9D02C87A3BA2E.d.926E2EBA4243E743D60923A7B558DD79.e.195"},{"element-6066-11e4-a52e-4f735466cecf":"f.DB3D8B3FBDD8B4B0EBE9D02C87A3BA2E.d.926E2EBA4243E743D60923A7B558DD79.e.196"},{"element-6066-11e4-a52e-4f735466cecf":"f.DB3D8B3FBDD8B4B0EBE9D02C87A3BA2E.d.926E2EBA4243E743D60923A7B558DD79.e.197"},{"element-6066-11e4-a52e-4f735466cecf":"f.DB3D8B3FBDD8B4B0EBE9D02C87A3BA2E.d.926E2EBA4243E743D60923A7B558DD79.e.198"},{"element-6066-11e4-a52e-4f735466cecf":"f.DB3D8B3FBDD8B4B0EBE9D02C87A3BA2E.d.926E2EBA4243E743D60923A7B558DD79.e.199"},{"element-6066-11e4-a52e-4f735466cecf":"f.DB3D8B3FBDD8B4B0EBE9D02C87A3BA2E.d.926E2EBA4243E743D60923A7B558DD79.e.200"},{"element-6066-11e4-a52e-4f735466cecf":"f.DB3D8B3FBDD8B4B0EBE9D02C87A3BA2E.d.926E2EBA4243E743D60923A7B558DD79.e.201"},{"element-6066-11e4-a52e-4f735466cecf":"f.DB3D8B3FBDD8B4B0EBE9D02C87A3BA2E.d.926E2EBA4243E743D60923A7B558DD79.e.202"},{"element-6066-11e4-a52e-4f735466cecf":"f.DB3D8B3FBDD8B4B0EBE9D02C87A3BA2E.d.926E2EBA4243E743D60923A7B558DD79.e.203"},{"element-6066-11e4-a52e-4f735466cecf":"f.DB3D8B3FBDD8B4B0EBE9D02C87A3BA2E.d.926E2EBA4243E743D60923A7B558DD79.e.204"},{"element-6066-11e4-a52e-4f735466cecf":"f.DB3D8B3FBDD8B4B0EBE9D02C87A3BA2E.d.926E2EBA4243E743D60923A7B558DD79.e.205"},{"element-6066-11e4-a52e-4f735466cecf":"f.DB3D8B3FBDD8B4B0EBE9D02C87A3BA2E.d.926E2EBA4243E743D60923A7B558DD79.e.206"},{"element-6066-11e4-a52e-4f735466cecf":"f.DB3D8B3FBDD8B4B0EBE9D02C87A3BA2E.d.926E2EBA4243E743D60923A7B558DD79.e.207"},{"element-6066-11e4-a52e-4f735466cecf":"f.DB3D8B3FBDD8B4B0EBE9D02C87A3BA2E.d.926E2EBA4243E743D60923A7B558DD79.e.208"},{"element-6066-11e4-a52e-4f735466cecf":"f.DB3D8B3FBDD8B4B0EBE9D02C87A3BA2E.d.926E2EBA4243E743D60923A7B558DD79.e.209"},{"element-6066-11e4-a52e-4f735466cecf":"f.DB3D8B3FBDD8B4B0EBE9D02C87A3BA2E.d.926E2EBA4243E743D60923A7B558DD79.e.210"},{"element-6066-11e4-a52e-4f735466cecf":"f.DB3D8B3FBDD8B4B0EBE9D02C87A3BA2E.d.926E2EBA4243E743D60923A7B558DD79.e.211"},{"element-6066-11e4-a52e-4f735466cecf":"f.DB3D8B3FBDD8B4B0EBE9D02C87A3BA2E.d.926E2EBA4243E743D60923A7B558DD79.e.212"},{"element-6066-11e4-a52e-4f735466cecf":"f.DB3D8B3FBDD8B4B0EBE9D02C87A3BA2E.d.926E2EBA4243E743D60923A7B558DD79.e.213"},{"element-6066-11e4-a52e-4f735466cecf":"f.DB3D8B3FBDD8B4B0EBE9D02C87A3BA2E.d.926E2EBA4243E743D60923A7B558DD79.e.214"},{"element-6066-11e4-a52e-4f735466cecf":"f.DB3D8B3FBDD8B4B0EBE9D02C87A3BA2E.d.926E2EBA4243E743D60923A7B558DD79.e.215"},{"element-6066-11e4-a52e-4f735466cecf":"f.DB3D8B3FBDD8B4B0EBE9D02C87A3BA2E.d.926E2EBA4243E743D60923A7B558DD79.e.216"},{"element-6066-11e4-a52e-4f735466cecf":"f.DB3D8B3FBDD8B4B0EBE9D02C87A3BA2E.d.926E2EBA4243E743D60923A7B558DD79.e.217"},{"element-6066-11e4-a52e-4f735466cecf":"f.DB3D8B3FBDD8B4B0EBE9D02C87A3BA2E.d.926E2EBA4243E743D60923A7B558DD79.e.218"},{"element-6066-11e4-a52e-4f735466cecf":"f.DB3D8B3FBDD8B4B0EBE9D02C87A3BA2E.d.926E2EBA4243E743D60923A7B558DD79.e.219"},{"element-6066-11e4-a52e-4f735466cecf":"f.DB3D8B3FBDD8B4B0EBE9D02C87A3BA2E.d.926E2EBA4243E743D60923A7B558DD79.e.220"},{"element-6066-11e4-a52e-4f735466cecf":"f.DB3D8B3FBDD8B4B0EBE9D02C87A3BA2E.d.926E2EBA4243E743D60923A7B558DD79.e.221"},{"element-6066-11e4-a52e-4f735466cecf":"f.DB3D8B3FBDD8B4B0EBE9D02C87A3BA2E.d.926E2EBA4243E743D60923A7B558DD79.e.222"},{"element-6066-11e4-a52e-4f735466cecf":"f.DB3D8B3FBDD8B4B0EBE9D02C87A3BA2E.d.926E2EBA4243E743D60923A7B558DD79.e.223"},{"element-6066-11e4-a52e-4f735466cecf":"f.DB3D8B3FBDD8B4B0EBE9D02C87A3BA2E.d.926E2EBA4243E743D60923A7B558DD79.e.224"},{"element-6066-11e4-a52e-4f735466cecf":"f.DB3D8B3FBDD8B4B0EBE9D02C87A3BA2E.d.926E2EBA4243E743D60923A7B558DD79.e.225"},{"element-6066-11e4-a52e-4f735466cecf":"f.DB3D8B3FBDD8B4B0EBE9D02C87A3BA2E.d.926E2EBA4243E743D60923A7B558DD79.e.226"},{"element-6066-11e4-a52e-4f735466cecf":"f.DB3D8B3FBDD8B4B0EBE9D02C87A3BA2E.d.926E2EBA4243E743D60923A7B558DD79.e.227"},{"element-6066-11e4-a52e-4f735466cecf":"f.DB3D8B3FBDD8B4B0EBE9D02C87A3BA2E.d.926E2EBA4243E743D60923A7B558DD79.e.228"},{"element-6066-11e4-a52e-4f735466cecf":"f.DB3D8B3FBDD8B4B0EBE9D02C87A3BA2E.d.926E2EBA4243E743D60923A7B558DD79.e.229"},{"element-6066-11e4-a52e-4f735466cecf":"f.DB3D8B3FBDD8B4B0EBE9D02C87A3BA2E.d.926E2EBA4243E743D60923A7B558DD79.e.230"},{"element-6066-11e4-a52e-4f735466cecf":"f.DB3D8B3FBDD8B4B0EBE9D02C87A3BA2E.d.926E2EBA4243E743D60923A7B558DD79.e.231"},{"element-6066-11e4-a52e-4f735466cecf":"f.DB3D8B3FBDD8B4B0EBE9D02C87A3BA2E.d.926E2EBA4243E743D60923A7B558DD79.e.232"},{"element-6066-11e4-a52e-4f735466cecf":"f.DB3D8B3FBDD8B4B0EBE9D02C87A3BA2E.d.926E2EBA4243E743D60923A7B558DD79.e.233"},{"element-6066-11e4-a52e-4f735466cecf":"f.DB3D8B3FBDD8B4B0EBE9D02C87A3BA2E.d.926E2EBA4243E743D60923A7B558DD79.e.234"},{"element-6066-11e4-a52e-4f735466cecf":"f.DB3D8B3FBDD8B4B0EBE9D02C87A3BA2E.d.926E2EBA4243E743D60923A7B558DD79.e.235"},{"element-6066-11e4-a52e-4f735466cecf":"f.DB3D8B3FBDD8B4B0EBE9D02C87A3BA2E.d.926E2EBA4243E743D60923A7B558DD79.e.236"},{"element-6066-11e4-a52e-4f735466cecf":"f.DB3D8B3FBDD8B4B0EBE9D02C87A3BA2E.d.926E2EBA4243E743D60923A7B558DD79.e.237"},{"element-6066-11e4-a52e-4f735466cecf":"f.DB3D8B3FBDD8B4B0EBE9D02C87A3BA2E.d.926E2EBA4243E743D60923A7B558DD79.e.238"},{"element-6066-11e4-a52e-4f735466cecf":"f.DB3D8B3FBDD8B4B0EBE9D02C87A3BA2E.d.926E2EBA4243E743D60923A7B558DD79.e.239"},{"element-6066-11e4-a52e-4f735466cecf":"f.DB3D8B3FBDD8B4B0EBE9D02C87A3BA2E.d.926E2EBA4243E743D60923A7B558DD79.e.240"},{"element-6066-11e4-a52e-4f735466cecf":"f.DB3D8B3FBDD8B4B0EBE9D02C87A3BA2E.d.926E2EBA4243E743D60923A7B558DD79.e.241"},{"element-6066-11e4-a52e-4f735466cecf":"f.DB3D8B3FBDD8B4B0EBE9D02C87A3BA2E.d.926E2EBA4243E743D60923A7B558DD79.e.242"},{"element-6066-11e4-a52e-4f735466cecf":"f.DB3D8B3FBDD8B4B0EBE9D02C87A3BA2E.d.926E2EBA4243E743D60923A7B558DD79.e.243"},{"element-6066-11e4-a52e-4f735466cecf":"f.DB3D8B3FBDD8B4B0EBE9D02C87A3BA2E.d.926E2EBA4243E743D60923A7B558DD79.e.244"},{"element-6066-11e4-a52e-4f735466cecf":"f.DB3D8B3FBDD8B4B0EBE9D02C87A3BA2E.d.926E2EBA4243E743D60923A7B558DD79.e.245"},{"element-6066-11e4-a52e-4f735466cecf":"f.DB3D8B3FBDD8B4B0EBE9D02C87A3BA2E.d.926E2EBA4243E743D60923A7B558DD79.e.246"},{"element-6066-11e4-a52e-4f735466cecf":"f.DB3D8B3FBDD8B4B0EBE9D02C87A3BA2E.d.926E2EBA4243E743D60923A7B558DD79.e.247"},{"element-6066-11e4-a52e-4f735466cecf":"f.DB3D8B3FBDD8B4B0EBE9D02C87A3BA2E.d.926E2EBA4243E743D60923A7B558DD79.e.248"},{"element-6066-11e4-a52e-4f735466cecf":"f.DB3D8B3FBDD8B4B0EBE9D02C87A3BA2E.d.926E2EBA4243E743D60923A7B558DD79.e.249"},{"element-6066-11e4-a52e-4f735466cecf":"f.DB3D8B3FBDD8B4B0EBE9D02C87A3BA2E.d.926E2EBA4243E743D60923A7B558DD79.e.250"},{"element-6066-11e4-a52e-4f735466cecf":"f.DB3D8B3FBDD8B4B0EBE9D02C87A3BA2E.d.926E2EBA4243E743D60923A7B558DD79.e.251"},{"element-6066-11e4-a52e-4f735466cecf":"f.DB3D8B3FBDD8B4B0EBE9D02C87A3BA2E.d.926E2EBA4243E743D60923A7B558DD79.e.252"},{"element-6066-11e4-a52e-4f735466cecf":"f.DB3D8B3FBDD8B4B0EBE9D02C87A3BA2E.d.926E2EBA4243E743D60923A7B558DD79.e.253"},{"element-6066-11e4-a52e-4f735466cecf":"f.DB3D8B3FBDD8B4B0EBE9D02C87A3BA2E.d.926E2EBA4243E743D60923A7B558DD79.e.254"},{"element-6066-11e4-a52e-4f735466cecf":"f.DB3D8B3FBDD8B4B0EBE9D02C87A3BA2E.d.926E2EBA4243E743D60923A7B558DD79.e.255"},{"element-6066-11e4-a52e-4f735466cecf":"f.DB3D8B3FBDD8B4B0EBE9D02C87A3BA2E.d.926E2EBA4243E743D60923A7B558DD79.e.256"},{"element-6066-11e4-a52e-4f735466cecf":"f.DB3D8B3FBDD8B4B0EBE9D02C87A3BA2E.d.926E2EBA4243E743D60923A7B558DD79.e.257"},{"element-6066-11e4-a52e-4f735466cecf":"f.DB3D8B3FBDD8B4B0EBE9D02C87A3BA2E.d.926E2EBA4243E743D60923A7B558DD79.e.258"},{"element-6066-11e4-a52e-4f735466cecf":"f.DB3D8B3FBDD8B4B0EBE9D02C87A3BA2E.d.926E2EBA4243E743D60923A7B558DD79.e.259"},{"element-6066-11e4-a52e-4f735466cecf":"f.DB3D8B3FBDD8B4B0EBE9D02C87A3BA2E.d.926E2EBA4243E743D60923A7B558DD79.e.260"},{"element-6066-11e4-a52e-4f735466cecf":"f.DB3D8B3FBDD8B4B0EBE9D02C87A3BA2E.d.926E2EBA4243E743D60923A7B558DD79.e.261"},{"element-6066-11e4-a52e-4f735466cecf":"f.DB3D8B3FBDD8B4B0EBE9D02C87A3BA2E.d.926E2EBA4243E743D60923A7B558DD79.e.262"},{"element-6066-11e4-a52e-4f735466cecf":"f.DB3D8B3FBDD8B4B0EBE9D02C87A3BA2E.d.926E2EBA4243E743D60923A7B558DD79.e.263"},{"element-6066-11e4-a52e-4f735466cecf":"f.DB3D8B3FBDD8B4B0EBE9D02C87A3BA2E.d.926E2EBA4243E743D60923A7B558DD79.e.264"},{"element-6066-11e4-a52e-4f735466cecf":"f.DB3D8B3FBDD8B4B0EBE9D02C87A3BA2E.d.926E2EBA4243E743D60923A7B558DD79.e.265"},{"element-6066-11e4-a52e-4f735466cecf":"f.DB3D8B3FBDD8B4B0EBE9D02C87A3BA2E.d.926E2EBA4243E743D60923A7B558DD79.e.266"},{"element-6066-11e4-a52e-4f735466cecf":"f.DB3D8B3FBDD8B4B0EBE9D02C87A3BA2E.d.926E2EBA4243E743D60923A7B558DD79.e.267"},{"element-6066-11e4-a52e-4f735466cecf":"f.DB3D8B3FBDD8B4B0EBE9D02C87A3BA2E.d.926E2EBA4243E743D60923A7B558DD79.e.268"},{"element-6066-11e4-a52e-4f735466cecf":"f.DB3D8B3FBDD8B4B0EBE9D02C87A3BA2E.d.926E2EBA4243E743D60923A7B558DD79.e.269"},{"element-6066-11e4-a52e-4f735466cecf":"f.DB3D8B3FBDD8B4B0EBE9D02C87A3BA2E.d.926E2EBA4243E743D60923A7B558DD79.e.270"},{"element-6066-11e4-a52e-4f735466cecf":"f.DB3D8B3FBDD8B4B0EBE9D02C87A3BA2E.d.926E2EBA4243E743D60923A7B558DD79.e.271"},{"element-6066-11e4-a52e-4f735466cecf":"f.DB3D8B3FBDD8B4B0EBE9D02C87A3BA2E.d.926E2EBA4243E743D60923A7B558DD79.e.272"},{"element-6066-11e4-a52e-4f735466cecf":"f.DB3D8B3FBDD8B4B0EBE9D02C87A3BA2E.d.926E2EBA4243E743D60923A7B558DD79.e.273"},{"element-6066-11e4-a52e-4f735466cecf":"f.DB3D8B3FBDD8B4B0EBE9D02C87A3BA2E.d.926E2EBA4243E743D60923A7B558DD79.e.274"},{"element-6066-11e4-a52e-4f735466cecf":"f.DB3D8B3FBDD8B4B0EBE9D02C87A3BA2E.d.926E2EBA4243E743D60923A7B558DD79.e.275"},{"element-6066-11e4-a52e-4f735466cecf":"f.DB3D8B3FBDD8B4B0EBE9D02C87A3BA2E.d.926E2EBA4243E743D60923A7B558DD79.e.276"},{"element-6066-11e4-a52e-4f735466cecf":"f.DB3D8B3FBDD8B4B0EBE9D02C87A3BA2E.d.926E2EBA4243E743D60923A7B558DD79.e.277"},{"element-6066-11e4-a52e-4f735466cecf":"f.DB3D8B3FBDD8B4B0EBE9D02C87A3BA2E.d.926E2EBA4243E743D60923A7B558DD79.e.278"},{"element-6066-11e4-a52e-4f735466cecf":"f.DB3D8B3FBDD8B4B0EBE9D02C87A3BA2E.d.926E2EBA4243E743D60923A7B558DD79.e.279"},{"element-6066-11e4-a52e-4f735466cecf":"f.DB3D8B3FBDD8B4B0EBE9D02C87A3BA2E.d.926E2EBA4243E743D60923A7B558DD79.e.280"},{"element-6066-11e4-a52e-4f735466cecf":"f.DB3D8B3FBDD8B4B0EBE9D02C87A3BA2E.d.926E2EBA4243E743D60923A7B558DD79.e.281"},{"element-6066-11e4-a52e-4f735466cecf":"f.DB3D8B3FBDD8B4B0EBE9D02C87A3BA2E.d.926E2EBA4243E743D60923A7B558DD79.e.282"},{"element-6066-11e4-a52e-4f735466cecf":"f.DB3D8B3FBDD8B4B0EBE9D02C87A3BA2E.d.926E2EBA4243E743D60923A7B558DD79.e.283"},{"element-6066-11e4-a52e-4f735466cecf":"f.DB3D8B3FBDD8B4B0EBE9D02C87A3BA2E.d.926E2EBA4243E743D60923A7B558DD79.e.284"}]} | headers=HTTPHeaderDict({'Content-Length': '11929', 'Content-Type': 'application/json; charset=utf-8', 'cache-control': 'no-cache'})
2025-02-13 22:49:58,736 - DEBUG - Finished Request
2025-02-13 22:49:58,736 - INFO - [씨티케이코스메틱스] Page 1: # 101 posts found
2025-02-13 22:49:58,737 - DEBUG - POST http://localhost:62827/session/ee95c40061ad7b154930c6c3151d25d9/element/f.DB3D8B3FBDD8B4B0EBE9D02C87A3BA2E.d.926E2EBA4243E743D60923A7B558DD79.e.184/elements {'using': 'tag name', 'value': 'td'}
2025-02-13 22:49:58,740 - DEBUG - http://localhost:62827 "POST /session/ee95c40061ad7b154930c6c3151d25d9/element/f.DB3D8B3FBDD8B4B0EBE9D02C87A3BA2E.d.926E2EBA4243E743D60923A7B558DD79.e.184/elements HTTP/11" 200 0
2025-02-13 22:49:58,740 - DEBUG - Remote response: status=200 | data={"value":[{"element-6066-11e4-a52e-4f735466cecf":"f.DB3D8B3FBDD8B4B0EBE9D02C87A3BA2E.d.926E2EBA4243E743D60923A7B558DD79.e.285"},{"element-6066-11e4-a52e-4f735466cecf":"f.DB3D8B3FBDD8B4B0EBE9D02C87A3BA2E.d.926E2EBA4243E743D60923A7B558DD79.e.286"},{"element-6066-11e4-a52e-4f735466cecf":"f.DB3D8B3FBDD8B4B0EBE9D02C87A3BA2E.d.926E2EBA4243E743D60923A7B558DD79.e.287"},{"element-6066-11e4-a52e-4f735466cecf":"f.DB3D8B3FBDD8B4B0EBE9D02C87A3BA2E.d.926E2EBA4243E743D60923A7B558DD79.e.288"},{"element-6066-11e4-a52e-4f735466cecf":"f.DB3D8B3FBDD8B4B0EBE9D02C87A3BA2E.d.926E2EBA4243E743D60923A7B558DD79.e.289"},{"element-6066-11e4-a52e-4f735466cecf":"f.DB3D8B3FBDD8B4B0EBE9D02C87A3BA2E.d.926E2EBA4243E743D60923A7B558DD79.e.290"},{"element-6066-11e4-a52e-4f735466cecf":"f.DB3D8B3FBDD8B4B0EBE9D02C87A3BA2E.d.926E2EBA4243E743D60923A7B558DD79.e.291"}]} | headers=HTTPHeaderDict({'Content-Length': '837', 'Content-Type': 'application/json; charset=utf-8', 'cache-control': 'no-cache'})
2025-02-13 22:49:58,741 - DEBUG - Finished Request
2025-02-13 22:49:58,741 - DEBUG - GET http://localhost:62827/session/ee95c40061ad7b154930c6c3151d25d9/element/f.DB3D8B3FBDD8B4B0EBE9D02C87A3BA2E.d.926E2EBA4243E743D60923A7B558DD79.e.286/text {}
2025-02-13 22:49:58,745 - DEBUG - http://localhost:62827 "GET /session/ee95c40061ad7b154930c6c3151d25d9/element/f.DB3D8B3FBDD8B4B0EBE9D02C87A3BA2E.d.926E2EBA4243E743D60923A7B558DD79.e.286/text HTTP/11" 200 0
2025-02-13 22:49:58,745 - DEBUG - Remote response: status=200 | data={"value":""} | headers=HTTPHeaderDict({'Content-Length': '12', 'Content-Type': 'application/json; charset=utf-8', 'cache-control': 'no-cache'})
2025-02-13 22:49:58,745 - DEBUG - Finished Request
2025-02-13 22:49:58,745 - DEBUG - GET http://localhost:62827/session/ee95c40061ad7b154930c6c3151d25d9/element/f.DB3D8B3FBDD8B4B0EBE9D02C87A3BA2E.d.926E2EBA4243E743D60923A7B558DD79.e.287/text {}
2025-02-13 22:49:58,749 - DEBUG - http://localhost:62827 "GET /session/ee95c40061ad7b154930c6c3151d25d9/element/f.DB3D8B3FBDD8B4B0EBE9D02C87A3BA2E.d.926E2EBA4243E743D60923A7B558DD79.e.287/text HTTP/11" 200 0
2025-02-13 22:49:58,749 - DEBUG - Remote response: status=200 | data={"value":""} | headers=HTTPHeaderDict({'Content-Length': '12', 'Content-Type': 'application/json; charset=utf-8', 'cache-control': 'no-cache'})
2025-02-13 22:49:58,749 - DEBUG - Finished Request
2025-02-13 22:49:58,749 - DEBUG - GET http://localhost:62827/session/ee95c40061ad7b154930c6c3151d25d9/element/f.DB3D8B3FBDD8B4B0EBE9D02C87A3BA2E.d.926E2EBA4243E743D60923A7B558DD79.e.288/text {}
2025-02-13 22:49:58,751 - DEBUG - http://localhost:62827 "GET /session/ee95c40061ad7b154930c6c3151d25d9/element/f.DB3D8B3FBDD8B4B0EBE9D02C87A3BA2E.d.926E2EBA4243E743D60923A7B558DD79.e.288/text HTTP/11" 200 0
2025-02-13 22:49:58,751 - DEBUG - Remote response: status=200 | data={"value":""} | headers=HTTPHeaderDict({'Content-Length': '12', 'Content-Type': 'application/json; charset=utf-8', 'cache-control': 'no-cache'})
2025-02-13 22:49:58,751 - DEBUG - Finished Request
2025-02-13 22:49:58,751 - DEBUG - GET http://localhost:62827/session/ee95c40061ad7b154930c6c3151d25d9/element/f.DB3D8B3FBDD8B4B0EBE9D02C87A3BA2E.d.926E2EBA4243E743D60923A7B558DD79.e.289/text {}
2025-02-13 22:49:58,753 - DEBUG - http://localhost:62827 "GET /session/ee95c40061ad7b154930c6c3151d25d9/element/f.DB3D8B3FBDD8B4B0EBE9D02C87A3BA2E.d.926E2EBA4243E743D60923A7B558DD79.e.289/text HTTP/11" 200 0
2025-02-13 22:49:58,754 - DEBUG - Remote response: status=200 | data={"value":""} | headers=HTTPHeaderDict({'Content-Length': '12', 'Content-Type': 'application/json; charset=utf-8', 'cache-control': 'no-cache'})
2025-02-13 22:49:58,754 - DEBUG - Finished Request
2025-02-13 22:49:58,754 - DEBUG - GET http://localhost:62827/session/ee95c40061ad7b154930c6c3151d25d9/element/f.DB3D8B3FBDD8B4B0EBE9D02C87A3BA2E.d.926E2EBA4243E743D60923A7B558DD79.e.290/text {}
2025-02-13 22:49:58,756 - DEBUG - http://localhost:62827 "GET /session/ee95c40061ad7b154930c6c3151d25d9/element/f.DB3D8B3FBDD8B4B0EBE9D02C87A3BA2E.d.926E2EBA4243E743D60923A7B558DD79.e.290/text HTTP/11" 200 0
2025-02-13 22:49:58,756 - DEBUG - Remote response: status=200 | data={"value":""} | headers=HTTPHeaderDict({'Content-Length': '12', 'Content-Type': 'application/json; charset=utf-8', 'cache-control': 'no-cache'})
2025-02-13 22:49:58,756 - DEBUG - Finished Request
2025-02-13 22:49:58,756 - DEBUG - GET http://localhost:62827/session/ee95c40061ad7b154930c6c3151d25d9/element/f.DB3D8B3FBDD8B4B0EBE9D02C87A3BA2E.d.926E2EBA4243E743D60923A7B558DD79.e.291/text {}
2025-02-13 22:49:58,759 - DEBUG - http://localhost:62827 "GET /session/ee95c40061ad7b154930c6c3151d25d9/element/f.DB3D8B3FBDD8B4B0EBE9D02C87A3BA2E.d.926E2EBA4243E743D60923A7B558DD79.e.291/text HTTP/11" 200 0
2025-02-13 22:49:58,759 - DEBUG - Remote response: status=200 | data={"value":""} | headers=HTTPHeaderDict({'Content-Length': '12', 'Content-Type': 'application/json; charset=utf-8', 'cache-control': 'no-cache'})
2025-02-13 22:49:58,759 - DEBUG - Finished Request
2025-02-13 22:49:58,759 - DEBUG - POST http://localhost:62827/session/ee95c40061ad7b154930c6c3151d25d9/element/f.DB3D8B3FBDD8B4B0EBE9D02C87A3BA2E.d.926E2EBA4243E743D60923A7B558DD79.e.185/elements {'using': 'tag name', 'value': 'td'}
2025-02-13 22:49:58,761 - DEBUG - http://localhost:62827 "POST /session/ee95c40061ad7b154930c6c3151d25d9/element/f.DB3D8B3FBDD8B4B0EBE9D02C87A3BA2E.d.926E2EBA4243E743D60923A7B558DD79.e.185/elements HTTP/11" 200 0
2025-02-13 22:49:58,761 - DEBUG - Remote response: status=200 | data={"value":[{"element-6066-11e4-a52e-4f735466cecf":"f.DB3D8B3FBDD8B4B0EBE9D02C87A3BA2E.d.926E2EBA4243E743D60923A7B558DD79.e.292"},{"element-6066-11e4-a52e-4f735466cecf":"f.DB3D8B3FBDD8B4B0EBE9D02C87A3BA2E.d.926E2EBA4243E743D60923A7B558DD79.e.293"},{"element-6066-11e4-a52e-4f735466cecf":"f.DB3D8B3FBDD8B4B0EBE9D02C87A3BA2E.d.926E2EBA4243E743D60923A7B558DD79.e.294"},{"element-6066-11e4-a52e-4f735466cecf":"f.DB3D8B3FBDD8B4B0EBE9D02C87A3BA2E.d.926E2EBA4243E743D60923A7B558DD79.e.295"},{"element-6066-11e4-a52e-4f735466cecf":"f.DB3D8B3FBDD8B4B0EBE9D02C87A3BA2E.d.926E2EBA4243E743D60923A7B558DD79.e.296"},{"element-6066-11e4-a52e-4f735466cecf":"f.DB3D8B3FBDD8B4B0EBE9D02C87A3BA2E.d.926E2EBA4243E743D60923A7B558DD79.e.297"},{"element-6066-11e4-a52e-4f735466cecf":"f.DB3D8B3FBDD8B4B0EBE9D02C87A3BA2E.d.926E2EBA4243E743D60923A7B558DD79.e.298"}]} | headers=HTTPHeaderDict({'Content-Length': '837', 'Content-Type': 'application/json; charset=utf-8', 'cache-control': 'no-cache'})
2025-02-13 22:49:58,761 - DEBUG - Finished Request
2025-02-13 22:49:58,761 - DEBUG - GET http://localhost:62827/session/ee95c40061ad7b154930c6c3151d25d9/element/f.DB3D8B3FBDD8B4B0EBE9D02C87A3BA2E.d.926E2EBA4243E743D60923A7B558DD79.e.293/text {}
2025-02-13 22:49:58,764 - DEBUG - http://localhost:62827 "GET /session/ee95c40061ad7b154930c6c3151d25d9/element/f.DB3D8B3FBDD8B4B0EBE9D02C87A3BA2E.d.926E2EBA4243E743D60923A7B558DD79.e.293/text HTTP/11" 200 0
2025-02-13 22:49:58,764 - DEBUG - Remote response: status=200 | data={"value":"172 "} | headers=HTTPHeaderDict({'Content-Length': '16', 'Content-Type': 'application/json; charset=utf-8', 'cache-control': 'no-cache'})
2025-02-13 22:49:58,764 - DEBUG - Finished Request
2025-02-13 22:49:58,764 - DEBUG - GET http://localhost:62827/session/ee95c40061ad7b154930c6c3151d25d9/element/f.DB3D8B3FBDD8B4B0EBE9D02C87A3BA2E.d.926E2EBA4243E743D60923A7B558DD79.e.294/text {}
2025-02-13 22:49:58,766 - DEBUG - http://localhost:62827 "GET /session/ee95c40061ad7b154930c6c3151d25d9/element/f.DB3D8B3FBDD8B4B0EBE9D02C87A3BA2E.d.926E2EBA4243E743D60923A7B558DD79.e.294/text HTTP/11" 200 0
2025-02-13 22:49:58,767 - DEBUG - Remote response: status=200 | data={"value":" [씨티케이코스메틱스] 지나치게 장난질"} | headers=HTTPHeaderDict({'Content-Length': '65', 'Content-Type': 'application/json; charset=utf-8', 'cache-control': 'no-cache'})
2025-02-13 22:49:58,767 - DEBUG - Finished Request
2025-02-13 22:49:58,767 - DEBUG - GET http://localhost:62827/session/ee95c40061ad7b154930c6c3151d25d9/element/f.DB3D8B3FBDD8B4B0EBE9D02C87A3BA2E.d.926E2EBA4243E743D60923A7B558DD79.e.295/text {}
2025-02-13 22:49:58,769 - DEBUG - http://localhost:62827 "GET /session/ee95c40061ad7b154930c6c3151d25d9/element/f.DB3D8B3FBDD8B4B0EBE9D02C87A3BA2E.d.926E2EBA4243E743D60923A7B558DD79.e.295/text HTTP/11" 200 0
2025-02-13 22:49:58,769 - DEBUG - Remote response: status=200 | data={"value":"aaa"} | headers=HTTPHeaderDict({'Content-Length': '15', 'Content-Type': 'application/json; charset=utf-8', 'cache-control': 'no-cache'})
2025-02-13 22:49:58,769 - DEBUG - Finished Request
2025-02-13 22:49:58,769 - DEBUG - GET http://localhost:62827/session/ee95c40061ad7b154930c6c3151d25d9/element/f.DB3D8B3FBDD8B4B0EBE9D02C87A3BA2E.d.926E2EBA4243E743D60923A7B558DD79.e.296/text {}
2025-02-13 22:49:58,772 - DEBUG - http://localhost:62827 "GET /session/ee95c40061ad7b154930c6c3151d25d9/element/f.DB3D8B3FBDD8B4B0EBE9D02C87A3BA2E.d.926E2EBA4243E743D60923A7B558DD79.e.296/text HTTP/11" 200 0
2025-02-13 22:49:58,772 - DEBUG - Remote response: status=200 | data={"value":"2017/12/08"} | headers=HTTPHeaderDict({'Content-Length': '22', 'Content-Type': 'application/json; charset=utf-8', 'cache-control': 'no-cache'})
2025-02-13 22:49:58,772 - DEBUG - Finished Request
2025-02-13 22:49:58,772 - DEBUG - GET http://localhost:62827/session/ee95c40061ad7b154930c6c3151d25d9/element/f.DB3D8B3FBDD8B4B0EBE9D02C87A3BA2E.d.926E2EBA4243E743D60923A7B558DD79.e.297/text {}
2025-02-13 22:49:58,774 - DEBUG - http://localhost:62827 "GET /session/ee95c40061ad7b154930c6c3151d25d9/element/f.DB3D8B3FBDD8B4B0EBE9D02C87A3BA2E.d.926E2EBA4243E743D60923A7B558DD79.e.297/text HTTP/11" 200 0
2025-02-13 22:49:58,774 - DEBUG - Remote response: status=200 | data={"value":"2294"} | headers=HTTPHeaderDict({'Content-Length': '16', 'Content-Type': 'application/json; charset=utf-8', 'cache-control': 'no-cache'})
2025-02-13 22:49:58,774 - DEBUG - Finished Request
2025-02-13 22:49:58,774 - DEBUG - GET http://localhost:62827/session/ee95c40061ad7b154930c6c3151d25d9/element/f.DB3D8B3FBDD8B4B0EBE9D02C87A3BA2E.d.926E2EBA4243E743D60923A7B558DD79.e.298/text {}
2025-02-13 22:49:58,776 - DEBUG - http://localhost:62827 "GET /session/ee95c40061ad7b154930c6c3151d25d9/element/f.DB3D8B3FBDD8B4B0EBE9D02C87A3BA2E.d.926E2EBA4243E743D60923A7B558DD79.e.298/text HTTP/11" 200 0
2025-02-13 22:49:58,776 - DEBUG - Remote response: status=200 | data={"value":"1"} | headers=HTTPHeaderDict({'Content-Length': '13', 'Content-Type': 'application/json; charset=utf-8', 'cache-control': 'no-cache'})
2025-02-13 22:49:58,776 - DEBUG - Finished Request
2025-02-13 22:49:58,776 - DEBUG - POST http://localhost:62827/session/ee95c40061ad7b154930c6c3151d25d9/element/f.DB3D8B3FBDD8B4B0EBE9D02C87A3BA2E.d.926E2EBA4243E743D60923A7B558DD79.e.294/element {'using': 'xpath', 'value': './/a'}
2025-02-13 22:49:58,781 - DEBUG - http://localhost:62827 "POST /session/ee95c40061ad7b154930c6c3151d25d9/element/f.DB3D8B3FBDD8B4B0EBE9D02C87A3BA2E.d.926E2EBA4243E743D60923A7B558DD79.e.294/element HTTP/11" 200 0
2025-02-13 22:49:58,781 - DEBUG - Remote response: status=200 | data={"value":{"element-6066-11e4-a52e-4f735466cecf":"f.DB3D8B3FBDD8B4B0EBE9D02C87A3BA2E.d.926E2EBA4243E743D60923A7B558DD79.e.299"}} | headers=HTTPHeaderDict({'Content-Length': '127', 'Content-Type': 'application/json; charset=utf-8', 'cache-control': 'no-cache'})
2025-02-13 22:49:58,781 - DEBUG - Finished Request
2025-02-13 22:49:58,781 - DEBUG - POST http://localhost:62827/session/ee95c40061ad7b154930c6c3151d25d9/execute/sync {'script': '/* getAttribute */return (function(){return (function(){var d=this||self;function f(a,b){function c(...', 'args': [{'element-6066-11e4-a52e-4f735466cecf': 'f.DB3D8B3FBDD8B4B0EBE9D02C87A3BA2E.d.926E2EBA4243E743D60923A7B558DD79.e.299'}, 'href']}
2025-02-13 22:49:58,783 - DEBUG - http://localhost:62827 "POST /session/ee95c40061ad7b154930c6c3151d25d9/execute/sync HTTP/11" 200 0
2025-02-13 22:49:58,783 - DEBUG - Remote response: status=200 | data={"value":"http://forum.38.co.kr/html/forum/board/?o=v&code=260930&no=312&page=1"} | headers=HTTPHeaderDict({'Content-Length': '81', 'Content-Type': 'application/json; charset=utf-8', 'cache-control': 'no-cache'})
2025-02-13 22:49:58,783 - DEBUG - Finished Request
2025-02-13 22:50:00,788 - DEBUG - POST http://localhost:62827/session/ee95c40061ad7b154930c6c3151d25d9/url {'url': 'http://forum.38.co.kr/html/forum/board/?o=v&code=260930&no=312&page=1'}
2025-02-13 22:50:02,014 - DEBUG - http://localhost:62827 "POST /session/ee95c40061ad7b154930c6c3151d25d9/url HTTP/11" 200 0
2025-02-13 22:50:02,014 - DEBUG - Remote response: status=200 | data={"value":null} | headers=HTTPHeaderDict({'Content-Length': '14', 'Content-Type': 'application/json; charset=utf-8', 'cache-control': 'no-cache'})
2025-02-13 22:50:02,015 - DEBUG - Finished Request
2025-02-13 22:50:02,015 - DEBUG - POST http://localhost:62827/session/ee95c40061ad7b154930c6c3151d25d9/elements {'using': 'css selector', 'value': 'span.readtext'}
2025-02-13 22:50:02,018 - DEBUG - http://localhost:62827 "POST /session/ee95c40061ad7b154930c6c3151d25d9/elements HTTP/11" 200 0
2025-02-13 22:50:02,018 - DEBUG - Remote response: status=200 | data={"value":[{"element-6066-11e4-a52e-4f735466cecf":"f.DB3D8B3FBDD8B4B0EBE9D02C87A3BA2E.d.502C53DE438BD8D82832EE658F75C18C.e.481"}]} | headers=HTTPHeaderDict({'Content-Length': '129', 'Content-Type': 'application/json; charset=utf-8', 'cache-control': 'no-cache'})
2025-02-13 22:50:02,019 - DEBUG - Finished Request
2025-02-13 22:50:02,019 - DEBUG - GET http://localhost:62827/session/ee95c40061ad7b154930c6c3151d25d9/element/f.DB3D8B3FBDD8B4B0EBE9D02C87A3BA2E.d.502C53DE438BD8D82832EE658F75C18C.e.481/text {}
2025-02-13 22:50:02,022 - DEBUG - http://localhost:62827 "GET /session/ee95c40061ad7b154930c6c3151d25d9/element/f.DB3D8B3FBDD8B4B0EBE9D02C87A3BA2E.d.502C53DE438BD8D82832EE658F75C18C.e.481/text HTTP/11" 200 0
2025-02-13 22:50:02,022 - DEBUG - Remote response: status=200 | data={"value":"공모가 산정부터 개판\n돈놓고 돈먹기 시장 ?????"} | headers=HTTPHeaderDict({'Content-Length': '75', 'Content-Type': 'application/json; charset=utf-8', 'cache-control': 'no-cache'})
2025-02-13 22:50:02,022 - DEBUG - Finished Request
2025-02-13 22:50:02,022 - DEBUG - POST http://localhost:62827/session/ee95c40061ad7b154930c6c3151d25d9/back {}
2025-02-13 22:50:02,026 - DEBUG - http://localhost:62827 "POST /session/ee95c40061ad7b154930c6c3151d25d9/back HTTP/11" 200 0
2025-02-13 22:50:02,026 - DEBUG - Remote response: status=200 | data={"value":null} | headers=HTTPHeaderDict({'Content-Length': '14', 'Content-Type': 'application/json; charset=utf-8', 'cache-control': 'no-cache'})
2025-02-13 22:50:02,026 - DEBUG - Finished Request
2025-02-13 22:50:03,029 - DEBUG - POST http://localhost:62827/session/ee95c40061ad7b154930c6c3151d25d9/element/f.DB3D8B3FBDD8B4B0EBE9D02C87A3BA2E.d.926E2EBA4243E743D60923A7B558DD79.e.186/elements {'using': 'tag name', 'value': 'td'}
2025-02-13 22:50:03,032 - DEBUG - http://localhost:62827 "POST /session/ee95c40061ad7b154930c6c3151d25d9/element/f.DB3D8B3FBDD8B4B0EBE9D02C87A3BA2E.d.926E2EBA4243E743D60923A7B558DD79.e.186/elements HTTP/11" 200 0
2025-02-13 22:50:03,032 - DEBUG - Remote response: status=200 | data={"value":[{"element-6066-11e4-a52e-4f735466cecf":"f.DB3D8B3FBDD8B4B0EBE9D02C87A3BA2E.d.926E2EBA4243E743D60923A7B558DD79.e.482"}]} | headers=HTTPHeaderDict({'Content-Length': '129', 'Content-Type': 'application/json; charset=utf-8', 'cache-control': 'no-cache'})
2025-02-13 22:50:03,032 - DEBUG - Finished Request
2025-02-13 22:50:03,032 - DEBUG - POST http://localhost:62827/session/ee95c40061ad7b154930c6c3151d25d9/element/f.DB3D8B3FBDD8B4B0EBE9D02C87A3BA2E.d.926E2EBA4243E743D60923A7B558DD79.e.187/elements {'using': 'tag name', 'value': 'td'}
2025-02-13 22:50:03,035 - DEBUG - http://localhost:62827 "POST /session/ee95c40061ad7b154930c6c3151d25d9/element/f.DB3D8B3FBDD8B4B0EBE9D02C87A3BA2E.d.926E2EBA4243E743D60923A7B558DD79.e.187/elements HTTP/11" 200 0
2025-02-13 22:50:03,035 - DEBUG - Remote response: status=200 | data={"value":[{"element-6066-11e4-a52e-4f735466cecf":"f.DB3D8B3FBDD8B4B0EBE9D02C87A3BA2E.d.926E2EBA4243E743D60923A7B558DD79.e.483"}]} | headers=HTTPHeaderDict({'Content-Length': '129', 'Content-Type': 'application/json; charset=utf-8', 'cache-control': 'no-cache'})
2025-02-13 22:50:03,035 - DEBUG - Finished Request
2025-02-13 22:50:03,035 - DEBUG - POST http://localhost:62827/session/ee95c40061ad7b154930c6c3151d25d9/element/f.DB3D8B3FBDD8B4B0EBE9D02C87A3BA2E.d.926E2EBA4243E743D60923A7B558DD79.e.188/elements {'using': 'tag name', 'value': 'td'}
2025-02-13 22:50:03,038 - DEBUG - http://localhost:62827 "POST /session/ee95c40061ad7b154930c6c3151d25d9/element/f.DB3D8B3FBDD8B4B0EBE9D02C87A3BA2E.d.926E2EBA4243E743D60923A7B558DD79.e.188/elements HTTP/11" 200 0
2025-02-13 22:50:03,038 - DEBUG - Remote response: status=200 | data={"value":[{"element-6066-11e4-a52e-4f735466cecf":"f.DB3D8B3FBDD8B4B0EBE9D02C87A3BA2E.d.926E2EBA4243E743D60923A7B558DD79.e.484"},{"element-6066-11e4-a52e-4f735466cecf":"f.DB3D8B3FBDD8B4B0EBE9D02C87A3BA2E.d.926E2EBA4243E743D60923A7B558DD79.e.485"},{"element-6066-11e4-a52e-4f735466cecf":"f.DB3D8B3FBDD8B4B0EBE9D02C87A3BA2E.d.926E2EBA4243E743D60923A7B558DD79.e.486"},{"element-6066-11e4-a52e-4f735466cecf":"f.DB3D8B3FBDD8B4B0EBE9D02C87A3BA2E.d.926E2EBA4243E743D60923A7B558DD79.e.180"},{"element-6066-11e4-a52e-4f735466cecf":"f.DB3D8B3FBDD8B4B0EBE9D02C87A3BA2E.d.926E2EBA4243E743D60923A7B558DD79.e.487"},{"element-6066-11e4-a52e-4f735466cecf":"f.DB3D8B3FBDD8B4B0EBE9D02C87A3BA2E.d.926E2EBA4243E743D60923A7B558DD79.e.488"},{"element-6066-11e4-a52e-4f735466cecf":"f.DB3D8B3FBDD8B4B0EBE9D02C87A3BA2E.d.926E2EBA4243E743D60923A7B558DD79.e.489"}]} | headers=HTTPHeaderDict({'Content-Length': '837', 'Content-Type': 'application/json; charset=utf-8', 'cache-control': 'no-cache'})
2025-02-13 22:50:03,038 - DEBUG - Finished Request
2025-02-13 22:50:03,038 - DEBUG - GET http://localhost:62827/session/ee95c40061ad7b154930c6c3151d25d9/element/f.DB3D8B3FBDD8B4B0EBE9D02C87A3BA2E.d.926E2EBA4243E743D60923A7B558DD79.e.485/text {}
2025-02-13 22:50:03,040 - DEBUG - http://localhost:62827 "GET /session/ee95c40061ad7b154930c6c3151d25d9/element/f.DB3D8B3FBDD8B4B0EBE9D02C87A3BA2E.d.926E2EBA4243E743D60923A7B558DD79.e.485/text HTTP/11" 200 0
2025-02-13 22:50:03,040 - DEBUG - Remote response: status=200 | data={"value":"171 "} | headers=HTTPHeaderDict({'Content-Length': '16', 'Content-Type': 'application/json; charset=utf-8', 'cache-control': 'no-cache'})
2025-02-13 22:50:03,040 - DEBUG - Finished Request
2025-02-13 22:50:03,040 - DEBUG - GET http://localhost:62827/session/ee95c40061ad7b154930c6c3151d25d9/element/f.DB3D8B3FBDD8B4B0EBE9D02C87A3BA2E.d.926E2EBA4243E743D60923A7B558DD79.e.486/text {}
2025-02-13 22:50:03,043 - DEBUG - http://localhost:62827 "GET /session/ee95c40061ad7b154930c6c3151d25d9/element/f.DB3D8B3FBDD8B4B0EBE9D02C87A3BA2E.d.926E2EBA4243E743D60923A7B558DD79.e.486/text HTTP/11" 200 0
2025-02-13 22:50:03,043 - DEBUG - Remote response: status=200 | data={"value":" [씨티케이코스메틱스] 조금지나면 간다. 48000까지..."} | headers=HTTPHeaderDict({'Content-Length': '81', 'Content-Type': 'application/json; charset=utf-8', 'cache-control': 'no-cache'})
2025-02-13 22:50:03,043 - DEBUG - Finished Request
2025-02-13 22:50:03,043 - DEBUG - GET http://localhost:62827/session/ee95c40061ad7b154930c6c3151d25d9/element/f.DB3D8B3FBDD8B4B0EBE9D02C87A3BA2E.d.926E2EBA4243E743D60923A7B558DD79.e.180/text {}
2025-02-13 22:50:03,045 - DEBUG - http://localhost:62827 "GET /session/ee95c40061ad7b154930c6c3151d25d9/element/f.DB3D8B3FBDD8B4B0EBE9D02C87A3BA2E.d.926E2EBA4243E743D60923A7B558DD79.e.180/text HTTP/11" 200 0
2025-02-13 22:50:03,046 - DEBUG - Remote response: status=200 | data={"value":"간다가"} | headers=HTTPHeaderDict({'Content-Length': '21', 'Content-Type': 'application/json; charset=utf-8', 'cache-control': 'no-cache'})
2025-02-13 22:50:03,046 - DEBUG - Finished Request
2025-02-13 22:50:03,046 - DEBUG - GET http://localhost:62827/session/ee95c40061ad7b154930c6c3151d25d9/element/f.DB3D8B3FBDD8B4B0EBE9D02C87A3BA2E.d.926E2EBA4243E743D60923A7B558DD79.e.487/text {}
2025-02-13 22:50:03,048 - DEBUG - http://localhost:62827 "GET /session/ee95c40061ad7b154930c6c3151d25d9/element/f.DB3D8B3FBDD8B4B0EBE9D02C87A3BA2E.d.926E2EBA4243E743D60923A7B558DD79.e.487/text HTTP/11" 200 0
2025-02-13 22:50:03,048 - DEBUG - Remote response: status=200 | data={"value":"2017/12/07"} | headers=HTTPHeaderDict({'Content-Length': '22', 'Content-Type': 'application/json; charset=utf-8', 'cache-control': 'no-cache'})
2025-02-13 22:50:03,048 - DEBUG - Finished Request
2025-02-13 22:50:03,048 - DEBUG - GET http://localhost:62827/session/ee95c40061ad7b154930c6c3151d25d9/element/f.DB3D8B3FBDD8B4B0EBE9D02C87A3BA2E.d.926E2EBA4243E743D60923A7B558DD79.e.488/text {}
2025-02-13 22:50:03,051 - DEBUG - http://localhost:62827 "GET /session/ee95c40061ad7b154930c6c3151d25d9/element/f.DB3D8B3FBDD8B4B0EBE9D02C87A3BA2E.d.926E2EBA4243E743D60923A7B558DD79.e.488/text HTTP/11" 200 0
2025-02-13 22:50:03,051 - DEBUG - Remote response: status=200 | data={"value":"1860"} | headers=HTTPHeaderDict({'Content-Length': '16', 'Content-Type': 'application/json; charset=utf-8', 'cache-control': 'no-cache'})
2025-02-13 22:50:03,051 - DEBUG - Finished Request
2025-02-13 22:50:03,051 - DEBUG - GET http://localhost:62827/session/ee95c40061ad7b154930c6c3151d25d9/element/f.DB3D8B3FBDD8B4B0EBE9D02C87A3BA2E.d.926E2EBA4243E743D60923A7B558DD79.e.489/text {}
2025-02-13 22:50:03,053 - DEBUG - http://localhost:62827 "GET /session/ee95c40061ad7b154930c6c3151d25d9/element/f.DB3D8B3FBDD8B4B0EBE9D02C87A3BA2E.d.926E2EBA4243E743D60923A7B558DD79.e.489/text HTTP/11" 200 0
2025-02-13 22:50:03,053 - DEBUG - Remote response: status=200 | data={"value":"0"} | headers=HTTPHeaderDict({'Content-Length': '13', 'Content-Type': 'application/json; charset=utf-8', 'cache-control': 'no-cache'})
2025-02-13 22:50:03,053 - DEBUG - Finished Request
2025-02-13 22:50:03,053 - DEBUG - POST http://localhost:62827/session/ee95c40061ad7b154930c6c3151d25d9/element/f.DB3D8B3FBDD8B4B0EBE9D02C87A3BA2E.d.926E2EBA4243E743D60923A7B558DD79.e.486/element {'using': 'xpath', 'value': './/a'}
2025-02-13 22:50:03,055 - DEBUG - http://localhost:62827 "POST /session/ee95c40061ad7b154930c6c3151d25d9/element/f.DB3D8B3FBDD8B4B0EBE9D02C87A3BA2E.d.926E2EBA4243E743D60923A7B558DD79.e.486/element HTTP/11" 200 0
2025-02-13 22:50:03,056 - DEBUG - Remote response: status=200 | data={"value":{"element-6066-11e4-a52e-4f735466cecf":"f.DB3D8B3FBDD8B4B0EBE9D02C87A3BA2E.d.926E2EBA4243E743D60923A7B558DD79.e.490"}} | headers=HTTPHeaderDict({'Content-Length': '127', 'Content-Type': 'application/json; charset=utf-8', 'cache-control': 'no-cache'})
2025-02-13 22:50:03,056 - DEBUG - Finished Request
2025-02-13 22:50:03,056 - DEBUG - POST http://localhost:62827/session/ee95c40061ad7b154930c6c3151d25d9/execute/sync {'script': '/* getAttribute */return (function(){return (function(){var d=this||self;function f(a,b){function c(...', 'args': [{'element-6066-11e4-a52e-4f735466cecf': 'f.DB3D8B3FBDD8B4B0EBE9D02C87A3BA2E.d.926E2EBA4243E743D60923A7B558DD79.e.490'}, 'href']}
2025-02-13 22:50:03,057 - DEBUG - http://localhost:62827 "POST /session/ee95c40061ad7b154930c6c3151d25d9/execute/sync HTTP/11" 200 0
2025-02-13 22:50:03,057 - DEBUG - Remote response: status=200 | data={"value":"http://forum.38.co.kr/html/forum/board/?o=v&code=260930&no=310&page=1"} | headers=HTTPHeaderDict({'Content-Length': '81', 'Content-Type': 'application/json; charset=utf-8', 'cache-control': 'no-cache'})
2025-02-13 22:50:03,057 - DEBUG - Finished Request
2025-02-13 22:50:05,063 - DEBUG - POST http://localhost:62827/session/ee95c40061ad7b154930c6c3151d25d9/url {'url': 'http://forum.38.co.kr/html/forum/board/?o=v&code=260930&no=310&page=1'}
2025-02-13 22:50:05,171 - DEBUG - http://localhost:62827 "POST /session/ee95c40061ad7b154930c6c3151d25d9/url HTTP/11" 200 0
2025-02-13 22:50:05,171 - DEBUG - Remote response: status=200 | data={"value":null} | headers=HTTPHeaderDict({'Content-Length': '14', 'Content-Type': 'application/json; charset=utf-8', 'cache-control': 'no-cache'})
2025-02-13 22:50:05,171 - DEBUG - Finished Request
2025-02-13 22:50:05,171 - DEBUG - POST http://localhost:62827/session/ee95c40061ad7b154930c6c3151d25d9/elements {'using': 'css selector', 'value': 'span.readtext'}
2025-02-13 22:50:05,174 - DEBUG - http://localhost:62827 "POST /session/ee95c40061ad7b154930c6c3151d25d9/elements HTTP/11" 200 0
2025-02-13 22:50:05,175 - DEBUG - Remote response: status=200 | data={"value":[{"element-6066-11e4-a52e-4f735466cecf":"f.DB3D8B3FBDD8B4B0EBE9D02C87A3BA2E.d.5F7717628CAEC8B599DF14BE2D80386D.e.657"}]} | headers=HTTPHeaderDict({'Content-Length': '129', 'Content-Type': 'application/json; charset=utf-8', 'cache-control': 'no-cache'})
2025-02-13 22:50:05,175 - DEBUG - Finished Request
2025-02-13 22:50:05,175 - DEBUG - GET http://localhost:62827/session/ee95c40061ad7b154930c6c3151d25d9/element/f.DB3D8B3FBDD8B4B0EBE9D02C87A3BA2E.d.5F7717628CAEC8B599DF14BE2D80386D.e.657/text {}
2025-02-13 22:50:05,178 - DEBUG - http://localhost:62827 "GET /session/ee95c40061ad7b154930c6c3151d25d9/element/f.DB3D8B3FBDD8B4B0EBE9D02C87A3BA2E.d.5F7717628CAEC8B599DF14BE2D80386D.e.657/text HTTP/11" 200 0
2025-02-13 22:50:05,178 - DEBUG - Remote response: status=200 | data={"value":"뽈끈쥐고 가라!"} | headers=HTTPHeaderDict({'Content-Length': '32', 'Content-Type': 'application/json; charset=utf-8', 'cache-control': 'no-cache'})
2025-02-13 22:50:05,178 - DEBUG - Finished Request
2025-02-13 22:50:05,178 - DEBUG - POST http://localhost:62827/session/ee95c40061ad7b154930c6c3151d25d9/back {}
2025-02-13 22:50:05,184 - DEBUG - http://localhost:62827 "POST /session/ee95c40061ad7b154930c6c3151d25d9/back HTTP/11" 200 0
2025-02-13 22:50:05,184 - DEBUG - Remote response: status=200 | data={"value":null} | headers=HTTPHeaderDict({'Content-Length': '14', 'Content-Type': 'application/json; charset=utf-8', 'cache-control': 'no-cache'})
2025-02-13 22:50:05,184 - DEBUG - Finished Request
2025-02-13 22:50:06,190 - DEBUG - POST http://localhost:62827/session/ee95c40061ad7b154930c6c3151d25d9/element/f.DB3D8B3FBDD8B4B0EBE9D02C87A3BA2E.d.926E2EBA4243E743D60923A7B558DD79.e.189/elements {'using': 'tag name', 'value': 'td'}
2025-02-13 22:50:06,192 - DEBUG - http://localhost:62827 "POST /session/ee95c40061ad7b154930c6c3151d25d9/element/f.DB3D8B3FBDD8B4B0EBE9D02C87A3BA2E.d.926E2EBA4243E743D60923A7B558DD79.e.189/elements HTTP/11" 200 0
2025-02-13 22:50:06,192 - DEBUG - Remote response: status=200 | data={"value":[{"element-6066-11e4-a52e-4f735466cecf":"f.DB3D8B3FBDD8B4B0EBE9D02C87A3BA2E.d.926E2EBA4243E743D60923A7B558DD79.e.658"}]} | headers=HTTPHeaderDict({'Content-Length': '129', 'Content-Type': 'application/json; charset=utf-8', 'cache-control': 'no-cache'})
2025-02-13 22:50:06,192 - DEBUG - Finished Request
2025-02-13 22:50:06,192 - DEBUG - POST http://localhost:62827/session/ee95c40061ad7b154930c6c3151d25d9/element/f.DB3D8B3FBDD8B4B0EBE9D02C87A3BA2E.d.926E2EBA4243E743D60923A7B558DD79.e.190/elements {'using': 'tag name', 'value': 'td'}
2025-02-13 22:50:06,195 - DEBUG - http://localhost:62827 "POST /session/ee95c40061ad7b154930c6c3151d25d9/element/f.DB3D8B3FBDD8B4B0EBE9D02C87A3BA2E.d.926E2EBA4243E743D60923A7B558DD79.e.190/elements HTTP/11" 200 0
2025-02-13 22:50:06,195 - DEBUG - Remote response: status=200 | data={"value":[{"element-6066-11e4-a52e-4f735466cecf":"f.DB3D8B3FBDD8B4B0EBE9D02C87A3BA2E.d.926E2EBA4243E743D60923A7B558DD79.e.659"}]} | headers=HTTPHeaderDict({'Content-Length': '129', 'Content-Type': 'application/json; charset=utf-8', 'cache-control': 'no-cache'})
2025-02-13 22:50:06,195 - DEBUG - Finished Request
2025-02-13 22:50:06,195 - DEBUG - POST http://localhost:62827/session/ee95c40061ad7b154930c6c3151d25d9/element/f.DB3D8B3FBDD8B4B0EBE9D02C87A3BA2E.d.926E2EBA4243E743D60923A7B558DD79.e.191/elements {'using': 'tag name', 'value': 'td'}
2025-02-13 22:50:06,197 - DEBUG - http://localhost:62827 "POST /session/ee95c40061ad7b154930c6c3151d25d9/element/f.DB3D8B3FBDD8B4B0EBE9D02C87A3BA2E.d.926E2EBA4243E743D60923A7B558DD79.e.191/elements HTTP/11" 200 0
2025-02-13 22:50:06,197 - DEBUG - Remote response: status=200 | data={"value":[{"element-6066-11e4-a52e-4f735466cecf":"f.DB3D8B3FBDD8B4B0EBE9D02C87A3BA2E.d.926E2EBA4243E743D60923A7B558DD79.e.660"},{"element-6066-11e4-a52e-4f735466cecf":"f.DB3D8B3FBDD8B4B0EBE9D02C87A3BA2E.d.926E2EBA4243E743D60923A7B558DD79.e.661"},{"element-6066-11e4-a52e-4f735466cecf":"f.DB3D8B3FBDD8B4B0EBE9D02C87A3BA2E.d.926E2EBA4243E743D60923A7B558DD79.e.662"},{"element-6066-11e4-a52e-4f735466cecf":"f.DB3D8B3FBDD8B4B0EBE9D02C87A3BA2E.d.926E2EBA4243E743D60923A7B558DD79.e.663"},{"element-6066-11e4-a52e-4f735466cecf":"f.DB3D8B3FBDD8B4B0EBE9D02C87A3BA2E.d.926E2EBA4243E743D60923A7B558DD79.e.664"},{"element-6066-11e4-a52e-4f735466cecf":"f.DB3D8B3FBDD8B4B0EBE9D02C87A3BA2E.d.926E2EBA4243E743D60923A7B558DD79.e.665"},{"element-6066-11e4-a52e-4f735466cecf":"f.DB3D8B3FBDD8B4B0EBE9D02C87A3BA2E.d.926E2EBA4243E743D60923A7B558DD79.e.666"}]} | headers=HTTPHeaderDict({'Content-Length': '837', 'Content-Type': 'application/json; charset=utf-8', 'cache-control': 'no-cache'})
2025-02-13 22:50:06,197 - DEBUG - Finished Request
2025-02-13 22:50:06,197 - DEBUG - GET http://localhost:62827/session/ee95c40061ad7b154930c6c3151d25d9/element/f.DB3D8B3FBDD8B4B0EBE9D02C87A3BA2E.d.926E2EBA4243E743D60923A7B558DD79.e.661/text {}
2025-02-13 22:50:06,200 - DEBUG - http://localhost:62827 "GET /session/ee95c40061ad7b154930c6c3151d25d9/element/f.DB3D8B3FBDD8B4B0EBE9D02C87A3BA2E.d.926E2EBA4243E743D60923A7B558DD79.e.661/text HTTP/11" 200 0
2025-02-13 22:50:06,200 - DEBUG - Remote response: status=200 | data={"value":"170 "} | headers=HTTPHeaderDict({'Content-Length': '16', 'Content-Type': 'application/json; charset=utf-8', 'cache-control': 'no-cache'})
2025-02-13 22:50:06,200 - DEBUG - Finished Request
2025-02-13 22:50:06,200 - DEBUG - GET http://localhost:62827/session/ee95c40061ad7b154930c6c3151d25d9/element/f.DB3D8B3FBDD8B4B0EBE9D02C87A3BA2E.d.926E2EBA4243E743D60923A7B558DD79.e.662/text {}
2025-02-13 22:50:06,203 - DEBUG - http://localhost:62827 "GET /session/ee95c40061ad7b154930c6c3151d25d9/element/f.DB3D8B3FBDD8B4B0EBE9D02C87A3BA2E.d.926E2EBA4243E743D60923A7B558DD79.e.662/text HTTP/11" 200 0
2025-02-13 22:50:06,203 - DEBUG - Remote response: status=200 | data={"value":" [씨티케이코스메틱스] 지금 통쾌해 하는색귀들 전부 돈없는 거지색퀴들임ㅋㅋㅋ"} | headers=HTTPHeaderDict({'Content-Length': '120', 'Content-Type': 'application/json; charset=utf-8', 'cache-control': 'no-cache'})
2025-02-13 22:50:06,203 - DEBUG - Finished Request
2025-02-13 22:50:06,203 - DEBUG - GET http://localhost:62827/session/ee95c40061ad7b154930c6c3151d25d9/element/f.DB3D8B3FBDD8B4B0EBE9D02C87A3BA2E.d.926E2EBA4243E743D60923A7B558DD79.e.663/text {}
2025-02-13 22:50:06,205 - DEBUG - http://localhost:62827 "GET /session/ee95c40061ad7b154930c6c3151d25d9/element/f.DB3D8B3FBDD8B4B0EBE9D02C87A3BA2E.d.926E2EBA4243E743D60923A7B558DD79.e.663/text HTTP/11" 200 0
2025-02-13 22:50:06,205 - DEBUG - Remote response: status=200 | data={"value":"청약자"} | headers=HTTPHeaderDict({'Content-Length': '21', 'Content-Type': 'application/json; charset=utf-8', 'cache-control': 'no-cache'})
2025-02-13 22:50:06,205 - DEBUG - Finished Request
2025-02-13 22:50:06,205 - DEBUG - GET http://localhost:62827/session/ee95c40061ad7b154930c6c3151d25d9/element/f.DB3D8B3FBDD8B4B0EBE9D02C87A3BA2E.d.926E2EBA4243E743D60923A7B558DD79.e.664/text {}
2025-02-13 22:50:06,208 - DEBUG - http://localhost:62827 "GET /session/ee95c40061ad7b154930c6c3151d25d9/element/f.DB3D8B3FBDD8B4B0EBE9D02C87A3BA2E.d.926E2EBA4243E743D60923A7B558DD79.e.664/text HTTP/11" 200 0
2025-02-13 22:50:06,208 - DEBUG - Remote response: status=200 | data={"value":"2017/12/07"} | headers=HTTPHeaderDict({'Content-Length': '22', 'Content-Type': 'application/json; charset=utf-8', 'cache-control': 'no-cache'})
2025-02-13 22:50:06,208 - DEBUG - Finished Request
2025-02-13 22:50:06,208 - DEBUG - GET http://localhost:62827/session/ee95c40061ad7b154930c6c3151d25d9/element/f.DB3D8B3FBDD8B4B0EBE9D02C87A3BA2E.d.926E2EBA4243E743D60923A7B558DD79.e.665/text {}
2025-02-13 22:50:06,210 - DEBUG - http://localhost:62827 "GET /session/ee95c40061ad7b154930c6c3151d25d9/element/f.DB3D8B3FBDD8B4B0EBE9D02C87A3BA2E.d.926E2EBA4243E743D60923A7B558DD79.e.665/text HTTP/11" 200 0
2025-02-13 22:50:06,210 - DEBUG - Remote response: status=200 | data={"value":"2925"} | headers=HTTPHeaderDict({'Content-Length': '16', 'Content-Type': 'application/json; charset=utf-8', 'cache-control': 'no-cache'})
2025-02-13 22:50:06,210 - DEBUG - Finished Request
2025-02-13 22:50:06,210 - DEBUG - GET http://localhost:62827/session/ee95c40061ad7b154930c6c3151d25d9/element/f.DB3D8B3FBDD8B4B0EBE9D02C87A3BA2E.d.926E2EBA4243E743D60923A7B558DD79.e.666/text {}
2025-02-13 22:50:06,213 - DEBUG - http://localhost:62827 "GET /session/ee95c40061ad7b154930c6c3151d25d9/element/f.DB3D8B3FBDD8B4B0EBE9D02C87A3BA2E.d.926E2EBA4243E743D60923A7B558DD79.e.666/text HTTP/11" 200 0
2025-02-13 22:50:06,213 - DEBUG - Remote response: status=200 | data={"value":"4"} | headers=HTTPHeaderDict({'Content-Length': '13', 'Content-Type': 'application/json; charset=utf-8', 'cache-control': 'no-cache'})
2025-02-13 22:50:06,213 - DEBUG - Finished Request
2025-02-13 22:50:06,213 - DEBUG - POST http://localhost:62827/session/ee95c40061ad7b154930c6c3151d25d9/element/f.DB3D8B3FBDD8B4B0EBE9D02C87A3BA2E.d.926E2EBA4243E743D60923A7B558DD79.e.662/element {'using': 'xpath', 'value': './/a'}
2025-02-13 22:50:06,215 - DEBUG - http://localhost:62827 "POST /session/ee95c40061ad7b154930c6c3151d25d9/element/f.DB3D8B3FBDD8B4B0EBE9D02C87A3BA2E.d.926E2EBA4243E743D60923A7B558DD79.e.662/element HTTP/11" 200 0
2025-02-13 22:50:06,215 - DEBUG - Remote response: status=200 | data={"value":{"element-6066-11e4-a52e-4f735466cecf":"f.DB3D8B3FBDD8B4B0EBE9D02C87A3BA2E.d.926E2EBA4243E743D60923A7B558DD79.e.667"}} | headers=HTTPHeaderDict({'Content-Length': '127', 'Content-Type': 'application/json; charset=utf-8', 'cache-control': 'no-cache'})
2025-02-13 22:50:06,215 - DEBUG - Finished Request
2025-02-13 22:50:06,215 - DEBUG - POST http://localhost:62827/session/ee95c40061ad7b154930c6c3151d25d9/execute/sync {'script': '/* getAttribute */return (function(){return (function(){var d=this||self;function f(a,b){function c(...', 'args': [{'element-6066-11e4-a52e-4f735466cecf': 'f.DB3D8B3FBDD8B4B0EBE9D02C87A3BA2E.d.926E2EBA4243E743D60923A7B558DD79.e.667'}, 'href']}
2025-02-13 22:50:06,217 - DEBUG - http://localhost:62827 "POST /session/ee95c40061ad7b154930c6c3151d25d9/execute/sync HTTP/11" 200 0
2025-02-13 22:50:06,217 - DEBUG - Remote response: status=200 | data={"value":"http://forum.38.co.kr/html/forum/board/?o=v&code=260930&no=304&page=1"} | headers=HTTPHeaderDict({'Content-Length': '81', 'Content-Type': 'application/json; charset=utf-8', 'cache-control': 'no-cache'})
2025-02-13 22:50:06,217 - DEBUG - Finished Request
2025-02-13 22:50:07,811 - INFO - Failed to fetch link: 씨티케이코스메틱스 ,[씨티케이코스메틱스] 지금 통쾌해 하는색귀들 전부 돈없는 거지색퀴들임ㅋㅋㅋ
2025-02-13 22:50:07,811 - DEBUG - POST http://localhost:62827/session/ee95c40061ad7b154930c6c3151d25d9/element/f.DB3D8B3FBDD8B4B0EBE9D02C87A3BA2E.d.926E2EBA4243E743D60923A7B558DD79.e.192/elements {'using': 'tag name', 'value': 'td'}
2025-02-13 22:50:07,812 - DEBUG - DELETE http://localhost:62827/session/ee95c40061ad7b154930c6c3151d25d9 {}
2025-02-13 22:50:07,812 - DEBUG - Starting new HTTP connection (2): localhost:62827
2025-02-13 22:50:07,813 - DEBUG - Incremented Retry for (url='/session/ee95c40061ad7b154930c6c3151d25d9'): Retry(total=2, connect=None, read=None, redirect=None, status=None)
2025-02-13 22:50:07,813 - WARNING - Retrying (Retry(total=2, connect=None, read=None, redirect=None, status=None)) after connection broken by 'NewConnectionError('<urllib3.connection.HTTPConnection object at 0x106c74fe0>: Failed to establish a new connection: [Errno 61] Connection refused')': /session/ee95c40061ad7b154930c6c3151d25d9
2025-02-13 22:50:07,813 - DEBUG - Starting new HTTP connection (3): localhost:62827
2025-02-13 22:50:07,814 - DEBUG - Incremented Retry for (url='/session/ee95c40061ad7b154930c6c3151d25d9'): Retry(total=1, connect=None, read=None, redirect=None, status=None)
2025-02-13 22:50:07,814 - WARNING - Retrying (Retry(total=1, connect=None, read=None, redirect=None, status=None)) after connection broken by 'NewConnectionError('<urllib3.connection.HTTPConnection object at 0x106c75370>: Failed to establish a new connection: [Errno 61] Connection refused')': /session/ee95c40061ad7b154930c6c3151d25d9
2025-02-13 22:50:07,814 - DEBUG - Starting new HTTP connection (4): localhost:62827
2025-02-13 22:50:07,815 - DEBUG - Incremented Retry for (url='/session/ee95c40061ad7b154930c6c3151d25d9'): Retry(total=0, connect=None, read=None, redirect=None, status=None)
2025-02-13 22:50:07,815 - WARNING - Retrying (Retry(total=0, connect=None, read=None, redirect=None, status=None)) after connection broken by 'NewConnectionError('<urllib3.connection.HTTPConnection object at 0x106c754f0>: Failed to establish a new connection: [Errno 61] Connection refused')': /session/ee95c40061ad7b154930c6c3151d25d9
2025-02-13 22:50:07,815 - DEBUG - Starting new HTTP connection (5): localhost:62827
